<?xml version="1.0" encoding="UTF-8"?>
<!-- Generated by org.testng.reporters.JUnitReportReporter -->
<testsuite hostname="DESKTOP-UAD17JU" failures="0" tests="7" name="NaptolTest.ConsumerElectronicsTest" time="96.366" errors="0" timestamp="2024-08-31T14:46:31 IST" skipped="0">
  <testcase classname="NaptolTest.ConsumerElectronicsTest" name="navigationAndSearchingTest" time="7.880"/>
  <system-out>
    <![CDATA[Successfully navigate to electronics page
Product is successfully added to the cart]]>
  </system-out>
  <testcase classname="NaptolTest.ConsumerElectronicsTest" name="electronicsAndAccessoriesTest" time="15.997"/>
  <system-out>
    <![CDATA[All radio buttons are working]]>
  </system-out>
  <testcase classname="NaptolTest.ConsumerElectronicsTest" name="portableDevicesTest" time="15.337"/>
  <system-out>
    <![CDATA[Portable devices displayed correctly]]>
  </system-out>
  <testcase classname="NaptolTest.ConsumerElectronicsTest" name="securityAndGadgetTest" time="16.893"/>
  <system-out/>
  <testcase classname="NaptolTest.ConsumerElectronicsTest" name="homeEntertainmentPageTest" time="20.491"/>
  <system-out/>
  <testcase classname="NaptolTest.ConsumerElectronicsTest" name="portableAudioPageTest" time="11.650"/>
  <system-out/>
  <testcase classname="NaptolTest.ConsumerElectronicsTest" name="printersPageTest" time="8.118"/>
  <system-out/>
</testsuite> <!-- NaptolTest.ConsumerElectronicsTest -->
