<?xml version="1.0" encoding="UTF-8"?>
<!-- Generated by org.testng.reporters.JUnitReportReporter -->
<testsuite hostname="DESKTOP-UAD17JU" failures="0" tests="7" name="NaptolTest.ConsumerElectronicsTest" time="96.801" errors="0" timestamp="2024-08-31T14:48:53 IST" skipped="0">
  <testcase classname="NaptolTest.ConsumerElectronicsTest" name="navigationAndSearchingTest" time="8.078">
    <system-out>
      <![CDATA[Successfully navigate to electronics page
Product is successfully added to the cart]]>
    </system-out>
  </testcase> <!-- navigationAndSearchingTest -->
  <testcase classname="NaptolTest.ConsumerElectronicsTest" name="electronicsAndAccessoriesTest" time="15.858">
    <system-out>
      <![CDATA[All radio buttons are working]]>
    </system-out>
  </testcase> <!-- electronicsAndAccessoriesTest -->
  <testcase classname="NaptolTest.ConsumerElectronicsTest" name="portableDevicesTest" time="15.468">
    <system-out>
      <![CDATA[Portable devices displayed correctly]]>
    </system-out>
  </testcase> <!-- portableDevicesTest -->
  <testcase classname="NaptolTest.ConsumerElectronicsTest" name="securityAndGadgetTest" time="16.930"/>
  <testcase classname="NaptolTest.ConsumerElectronicsTest" name="homeEntertainmentPageTest" time="20.735"/>
  <testcase classname="NaptolTest.ConsumerElectronicsTest" name="portableAudioPageTest" time="11.597"/>
  <testcase classname="NaptolTest.ConsumerElectronicsTest" name="printersPageTest" time="8.135"/>
  <system-out>
    <![CDATA[Successfully navigate to electronics page
Product is successfully added to the cart
All radio buttons are working
Portable devices displayed correctly]]>
  </system-out>
</testsuite> <!-- NaptolTest.ConsumerElectronicsTest -->
